{"error":"Failed to get eBay access token: Request failed with status code 401","level":"error","message":"Error in product listing scheduler","service":"ebay-autods-integration","timestamp":"2025-03-22 19:19:11"}
{"error":"Failed to get eBay access token: Request failed with status code 401","level":"error","message":"Error in product listing scheduler","service":"ebay-autods-integration","timestamp":"2025-03-22 19:24:44"}
{"error":"Failed to get eBay access token: Request failed with status code 401","level":"error","message":"Error in product listing scheduler","service":"ebay-autods-integration","timestamp":"2025-03-22 19:25:28"}
{"error":"Failed to get eBay access token: Request failed with status code 401","level":"error","message":"Error in product listing scheduler","service":"ebay-autods-integration","timestamp":"2025-03-22 19:32:21"}
{"error":"Failed to get eBay access token: Request failed with status code 401","level":"error","message":"Error in product listing scheduler","service":"ebay-autods-integration","timestamp":"2025-03-22 19:35:59"}
{"error":"Failed to get eBay access token: Request failed with status code 401","level":"error","message":"Error in product listing scheduler","service":"ebay-autods-integration","timestamp":"2025-03-22 20:21:04"}
{"error":"Failed to get eBay access token: Request failed with status code 401","level":"error","message":"Error in product listing scheduler","service":"ebay-autods-integration","timestamp":"2025-03-22 20:21:37"}
{"error":"Failed to get eBay access token: Request failed with status code 401","level":"error","message":"Error in product listing scheduler","service":"ebay-autods-integration","timestamp":"2025-03-22 20:21:59"}
{"error":"Failed to get eBay access token: Request failed with status code 401","level":"error","message":"Error in product listing scheduler","service":"ebay-autods-integration","timestamp":"2025-03-22 20:26:31"}
{"error":"Failed to get eBay access token: Request failed with status code 401","level":"error","message":"Error in product listing scheduler","service":"ebay-autods-integration","timestamp":"2025-03-22 20:27:17"}
{"error":"Failed to get eBay access token: Request failed with status code 401","level":"error","message":"Error in product listing scheduler","service":"ebay-autods-integration","timestamp":"2025-03-23 03:49:18"}
{"error":"Failed to get eBay access token: Request failed with status code 400","level":"error","message":"Error in product listing scheduler","service":"ebay-autods-integration","timestamp":"2025-03-23 03:52:16"}
{"error":"Failed to get eBay access token: Request failed with status code 400","level":"error","message":"Error in product listing scheduler","service":"ebay-autods-integration","timestamp":"2025-03-23 03:53:10"}
{"error":"Failed to get eBay access token: Request failed with status code 400","level":"error","message":"Error in product listing scheduler","service":"ebay-autods-integration","timestamp":"2025-03-23 03:53:25"}
{"error":"Failed to get eBay access token: Request failed with status code 400","level":"error","message":"Error in product listing scheduler","service":"ebay-autods-integration","timestamp":"2025-03-23 04:10:22"}
{"error":"Failed to get eBay access token: Request failed with status code 400","level":"error","message":"Error in product listing scheduler","service":"ebay-autods-integration","timestamp":"2025-03-23 04:10:58"}
{"error":"Failed to get eBay access token: Request failed with status code 400","level":"error","message":"Error in product listing scheduler","service":"ebay-autods-integration","timestamp":"2025-03-23 04:15:01"}
{"error":"Failed to get seller listings: Access denied","level":"error","message":"Error in product listing scheduler","service":"ebay-autods-integration","timestamp":"2025-03-23 04:16:09"}
{"error":"Failed to get seller listings: Access denied","level":"error","message":"Error in product listing scheduler","service":"ebay-autods-integration","timestamp":"2025-03-23 04:16:40"}
{"error":"Failed to get seller listings: Access denied","level":"error","message":"Error in product listing scheduler","service":"ebay-autods-integration","timestamp":"2025-03-23 04:16:56"}
{"error":"Failed to get seller listings: Access denied","level":"error","message":"Error in product listing scheduler","service":"ebay-autods-integration","timestamp":"2025-03-23 04:17:13"}
{"error":"Failed to get eBay access token: Request failed with status code 400","level":"error","message":"Error in product listing scheduler","service":"ebay-autods-integration","timestamp":"2025-03-23 04:17:58"}
{"error":"Failed to get seller listings: Access denied","level":"error","message":"Error in product listing scheduler","service":"ebay-autods-integration","timestamp":"2025-03-23 04:22:51"}
{"error":"Failed to get eBay access token: Request failed with status code 400","level":"error","message":"Error in product listing scheduler","service":"ebay-autods-integration","timestamp":"2025-03-23 04:23:43"}
{"error":"Failed to get eBay access token: Request failed with status code 400","level":"error","message":"Error in product listing scheduler","service":"ebay-autods-integration","timestamp":"2025-03-23 04:23:49"}
{"error":"Failed to get eBay access token: Request failed with status code 400","level":"error","message":"Error in product listing scheduler","service":"ebay-autods-integration","timestamp":"2025-03-23 04:24:01"}
{"error":"Failed to get eBay access token: Request failed with status code 400","level":"error","message":"Error in product listing scheduler","service":"ebay-autods-integration","timestamp":"2025-03-23 04:24:10"}
{"error":"Failed to get eBay access token: Request failed with status code 400","level":"error","message":"Error in product listing scheduler","service":"ebay-autods-integration","timestamp":"2025-03-23 04:24:55"}
{"level":"error","message":"Failed to open browser: Command failed: start https://auth.sandbox.ebay.com/oauth2/authorize?client_id=BruceAlm-automati-SBX-2b7ec7265-1fe90d87&redirect_uri=Bruce_Almanza-BruceAlm-automa-elvkxb&response_type=code&scope=https%3A%2F%2Fapi.ebay.com%2Foauth%2Fapi_scope+https%3A%2F%2Fapi.ebay.com%2Foauth%2Fapi_scope%2Fsell.inventory.readonly+https%3A%2F%2Fapi.ebay.com%2Foauth%2Fapi_scope%2Fsell.inventory+https%3A%2F%2Fapi.ebay.com%2Foauth%2Fapi_scope%2Fsell.account.readonly+https%3A%2F%2Fapi.ebay.com%2Foauth%2Fapi_scope%2Fsell.account+https%3A%2F%2Fapi.ebay.com%2Foauth%2Fapi_scope%2Fsell.fulfillment.readonly+https%3A%2F%2Fapi.ebay.com%2Foauth%2Fapi_scope%2Fsell.fulfillment+https%3A%2F%2Fapi.ebay.com%2Foauth%2Fapi_scope%2Fsell.marketing.readonly+https%3A%2F%2Fapi.ebay.com%2Foauth%2Fapi_scope%2Fsell.marketing&state=94bf68c08377a376808b91840eb82171\n'redirect_uri' is not recognized as an internal or external command,\r\noperable program or batch file.\r\n'response_type' is not recognized as an internal or external command,\r\noperable program or batch file.\r\n'scope' is not recognized as an internal or external command,\r\noperable program or batch file.\r\n'state' is not recognized as an internal or external command,\r\noperable program or batch file.\r\n","service":"ebay-autods-integration","timestamp":"2025-03-23 05:29:09"}
{"error":"Operation `tokens.findOne()` buffering timed out after 10000ms","level":"error","message":"Failed to load tokens from database","service":"ebay-autods-integration","timestamp":"2025-03-23 05:29:19"}
{"error":"Authentication failed.","level":"error","message":"Unable to connect to the database:","service":"ebay-autods-integration","timestamp":"2025-03-23 05:35:32"}
{"error":"Authentication failed.","level":"error","message":"MongoDB connection error","service":"ebay-autods-integration","timestamp":"2025-03-23 05:35:32"}
{"level":"error","message":"Failed to open browser: Command failed: start https://auth.sandbox.ebay.com/oauth2/authorize?client_id=BruceAlm-automati-SBX-2b7ec7265-1fe90d87&redirect_uri=Bruce_Almanza-BruceAlm-automa-elvkxb&response_type=code&scope=https%3A%2F%2Fapi.ebay.com%2Foauth%2Fapi_scope+https%3A%2F%2Fapi.ebay.com%2Foauth%2Fapi_scope%2Fsell.inventory.readonly+https%3A%2F%2Fapi.ebay.com%2Foauth%2Fapi_scope%2Fsell.inventory+https%3A%2F%2Fapi.ebay.com%2Foauth%2Fapi_scope%2Fsell.account.readonly+https%3A%2F%2Fapi.ebay.com%2Foauth%2Fapi_scope%2Fsell.account+https%3A%2F%2Fapi.ebay.com%2Foauth%2Fapi_scope%2Fsell.fulfillment.readonly+https%3A%2F%2Fapi.ebay.com%2Foauth%2Fapi_scope%2Fsell.fulfillment+https%3A%2F%2Fapi.ebay.com%2Foauth%2Fapi_scope%2Fsell.marketing.readonly+https%3A%2F%2Fapi.ebay.com%2Foauth%2Fapi_scope%2Fsell.marketing&state=21e757bce7c59639ca31b21fc4575275\n'redirect_uri' is not recognized as an internal or external command,\r\noperable program or batch file.\r\n'response_type' is not recognized as an internal or external command,\r\noperable program or batch file.\r\n'scope' is not recognized as an internal or external command,\r\noperable program or batch file.\r\n'state' is not recognized as an internal or external command,\r\noperable program or batch file.\r\n","service":"ebay-autods-integration","timestamp":"2025-03-23 05:37:22"}
{"level":"error","message":"Failed to open browser: Command failed: start https://auth.sandbox.ebay.com/oauth2/authorize?client_id=BruceAlm-automati-SBX-2b7ec7265-1fe90d87&redirect_uri=Bruce_Almanza-BruceAlm-automa-elvkxb&response_type=code&scope=https%3A%2F%2Fapi.ebay.com%2Foauth%2Fapi_scope+https%3A%2F%2Fapi.ebay.com%2Foauth%2Fapi_scope%2Fsell.inventory.readonly+https%3A%2F%2Fapi.ebay.com%2Foauth%2Fapi_scope%2Fsell.inventory+https%3A%2F%2Fapi.ebay.com%2Foauth%2Fapi_scope%2Fsell.account.readonly+https%3A%2F%2Fapi.ebay.com%2Foauth%2Fapi_scope%2Fsell.account+https%3A%2F%2Fapi.ebay.com%2Foauth%2Fapi_scope%2Fsell.fulfillment.readonly+https%3A%2F%2Fapi.ebay.com%2Foauth%2Fapi_scope%2Fsell.fulfillment+https%3A%2F%2Fapi.ebay.com%2Foauth%2Fapi_scope%2Fsell.marketing.readonly+https%3A%2F%2Fapi.ebay.com%2Foauth%2Fapi_scope%2Fsell.marketing&state=38a313a1421409a65ea294a01671acde\n'redirect_uri' is not recognized as an internal or external command,\r\noperable program or batch file.\r\n'response_type' is not recognized as an internal or external command,\r\noperable program or batch file.\r\n'scope' is not recognized as an internal or external command,\r\noperable program or batch file.\r\n'state' is not recognized as an internal or external command,\r\noperable program or batch file.\r\n","service":"ebay-autods-integration","timestamp":"2025-03-23 05:37:51"}
{"error":"Authorization timed out after 5 minutes","level":"error","message":"Error in product listing scheduler","service":"ebay-autods-integration","timestamp":"2025-03-23 05:44:48"}
{"level":"error","message":"No authorization code received","service":"ebay-autods-integration","timestamp":"2025-03-23 05:55:59"}
{"error":"SRV URI does not support directConnection","level":"error","message":"Unable to connect to the database:","service":"ebay-autods-integration","timestamp":"2025-03-23 06:27:53"}
{"error":"SRV URI does not support directConnection","level":"error","message":"Unable to connect to the database:","service":"ebay-autods-integration","timestamp":"2025-03-23 06:27:53"}
{"error":"SRV URI does not support directConnection","level":"error","message":"Unable to connect to the database:","service":"ebay-autods-integration","timestamp":"2025-03-23 06:27:53"}
{"error":"SRV URI does not support directConnection","level":"error","message":"Unable to connect to the database:","service":"ebay-autods-integration","timestamp":"2025-03-23 06:28:21"}
{"error":"SRV URI does not support directConnection","level":"error","message":"Unable to connect to the database:","service":"ebay-autods-integration","timestamp":"2025-03-23 06:28:21"}
{"error":"SRV URI does not support directConnection","level":"error","message":"Unable to connect to the database:","service":"ebay-autods-integration","timestamp":"2025-03-23 06:28:21"}
{"error":"Authorization timed out after 5 minutes","level":"error","message":"Error in product listing scheduler","service":"ebay-autods-integration","timestamp":"2025-03-23 06:51:12"}
{"error":"Authorization timed out after 5 minutes","level":"error","message":"Error in product listing scheduler","service":"ebay-autods-integration","timestamp":"2025-03-29 09:39:13"}
{"level":"error","message":"Unhandled Promise Rejection:","promise":"[object Promise]","reason":"Authorization timed out after 5 minutes","service":"ebay-autods-integration","stack":"Error: Authorization timed out after 5 minutes\n    at Timeout._onTimeout (C:\\Users\\Akinlua\\Documents\\AutoDs\\api\\ebay.js:309:27)\n    at listOnTimeout (node:internal/timers:573:17)\n    at process.processTimers (node:internal/timers:514:7)","timestamp":"2025-03-29 09:39:13"}
{"error":"Request failed with status code 400","level":"error","message":"Error exchanging code for token:","response":{"error":"invalid_grant","error_description":"the provided authorization grant code is invalid or was issued to another client"},"service":"ebay-autods-integration","timestamp":"2025-03-29 09:41:31"}
{"error":"Failed to exchange authorization code: Request failed with status code 400","level":"error","message":"Failed to process authorization code from database","service":"ebay-autods-integration","timestamp":"2025-03-29 09:41:31"}
